<?xml version="1.0" encoding="UTF-8"?>
<testng-results skipped="0" failed="0" total="1" passed="1">
  <reporter-output>
  </reporter-output>
  <suite name="Default suite" duration-ms="30404" started-at="2015-08-29T15:12:15Z" finished-at="2015-08-29T15:12:45Z">
    <groups>
    </groups>
    <test name="Default test" duration-ms="30404" started-at="2015-08-29T15:12:15Z" finished-at="2015-08-29T15:12:45Z">
      <class name="com.selenium.ex.autoit.FileUploadEx">
        <test-method status="PASS" signature="testUpload()[pri:0, instance:com.selenium.ex.autoit.FileUploadEx@546a03af]" name="testUpload" duration-ms="30282" started-at="2015-08-29T20:42:15Z" finished-at="2015-08-29T20:42:45Z">
          <reporter-output>
          </reporter-output>
        </test-method> <!-- testUpload -->
      </class> <!-- com.selenium.ex.autoit.FileUploadEx -->
    </test> <!-- Default test -->
  </suite> <!-- Default suite -->
</testng-results>
